<?xml version="1.0" encoding="UTF-8"?>
<testng-results ignored="0" total="1" passed="1" failed="0" skipped="0">
  <reporter-output>
  </reporter-output>
  <suite started-at="2021-06-18T10:11:08 IST" name="Default suite" finished-at="2021-06-18T10:11:08 IST" duration-ms="41">
    <groups>
    </groups>
    <test started-at="2021-06-18T10:11:08 IST" name="Default test" finished-at="2021-06-18T10:11:08 IST" duration-ms="41">
      <class name="sample.selenium.junit.NoonSeleniumJUnit.AppTest">
        <test-method signature="hai()[pri:0, instance:sample.selenium.junit.NoonSeleniumJUnit.AppTest@19d481b]" started-at="2021-06-18T10:11:08 IST" name="hai" finished-at="2021-06-18T10:11:08 IST" duration-ms="11" status="PASS">
          <reporter-output>
          </reporter-output>
        </test-method> <!-- hai -->
      </class> <!-- sample.selenium.junit.NoonSeleniumJUnit.AppTest -->
    </test> <!-- Default test -->
  </suite> <!-- Default suite -->
</testng-results>
