<?xml version="1.0" encoding="UTF-8"?>
<!-- Generated by org.testng.reporters.JUnitXMLReporter -->
<testsuite ignored="2" hostname="SRDB" failures="0" tests="7" name="Hello" time="0.074" errors="0" timestamp="2021-06-28T13:25:45 IST">
  <testcase classname="selenium.testng.NoonSeleniumTestNG.AppTest" name="testAdd" time="0.012"/>
  <testcase classname="selenium.testng.NoonSeleniumTestNG.AppTest" name="testOutCome" time="0.001"/>
  <testcase classname="selenium.testng.NoonSeleniumTestNG.MyTestClass1" name="sandal" time="0.002"/>
  <testcase classname="selenium.testng.NoonSeleniumTestNG.MyTestClass1" name="santhoor" time="0.002"/>
  <testcase classname="selenium.testng.NoonSeleniumTestNG.MyTestClass1" name="sign" time="0.001"/>
  <testcase classname="selenium.testng.NoonSeleniumTestNG.MyTestClass2" name="testOne" time="0.002"/>
  <testcase classname="selenium.testng.NoonSeleniumTestNG.MyTestClass2" name="testTwo" time="0.001"/>
  <testcase classname="selenium.testng.NoonSeleniumTestNG.MyTestClass1" name="sample" time="0.0">
    <ignored/>
  </testcase> <!-- sample -->
  <testcase classname="selenium.testng.NoonSeleniumTestNG.MyTestClass1" name="simple" time="0.0">
    <ignored/>
  </testcase> <!-- simple -->
</testsuite> <!-- Hello -->
