<?xml version="1.0" encoding="UTF-8"?>
<!-- Generated by org.testng.reporters.JUnitXMLReporter -->
<testsuite ignored="0" hostname="SRDB" failures="0" tests="4" name="Hello" time="0.078" errors="0" timestamp="2021-06-30T13:07:43 IST">
  <testcase classname="selenium.testng.NoonSeleniumTestNG.MyTestClass3" name="testAlpha" time="0.007"/>
  <testcase classname="selenium.testng.NoonSeleniumTestNG.MyTestClass3" name="testBeta" time="0.004"/>
  <testcase classname="selenium.testng.NoonSeleniumTestNG.MyTestClass3" name="testCosmo" time="0.001"/>
  <testcase classname="selenium.testng.NoonSeleniumTestNG.MyTestClass3" name="tetsDelta" time="0.004"/>
</testsuite> <!-- Hello -->
